inserted: IGNOMINIOUS in the AVL
inserted: IGNOMINIOUS in the BST
Type: size      height    diameter  full?     perfect?  
AVL:  1         0         1         true      true      
BST:  1         0         1         true      true      

inserted: ELEPHANT in the AVL
inserted: ELEPHANT in the BST
Type: size      height    diameter  full?     perfect?  
AVL:  2         1         2         false     false     
BST:  2         1         2         false     false     

inserted: JUDICIOUS in the AVL
inserted: JUDICIOUS in the BST
Type: size      height    diameter  full?     perfect?  
AVL:  3         1         3         true      true      
BST:  3         1         3         true      true      

inserted: BASTION in the AVL
inserted: BASTION in the BST
Type: size      height    diameter  full?     perfect?  
AVL:  4         2         4         false     false     
BST:  4         2         4         false     false     

inserted: FASTIDIOUS in the AVL
inserted: FASTIDIOUS in the BST
Type: size      height    diameter  full?     perfect?  
AVL:  5         2         4         true      false     
BST:  5         2         4         true      false     

inserted: GENEROUS in the AVL
inserted: GENEROUS in the BST
Type: size      height    diameter  full?     perfect?  
AVL:  6         2         5         false     false     
BST:  6         3         5         false     false     

inserted: HILARIOUS in the AVL
inserted: HILARIOUS in the BST
Type: size      height    diameter  full?     perfect?  
AVL:  7         3         6         false     false     
BST:  7         4         6         false     false     

inserted: ASTUTE in the AVL
inserted: ASTUTE in the BST
Type: size      height    diameter  full?     perfect?  
AVL:  8         3         6         false     false     
BST:  8         4         6         false     false     

inserted: DEGENERATE in the AVL
inserted: DEGENERATE in the BST
Type: size      height    diameter  full?     perfect?  
AVL:  9         3         7         false     false     
BST:  9         4         6         false     false     

inserted: COURAGEOUS in the AVL
inserted: COURAGEOUS in the BST
Type: size      height    diameter  full?     perfect?  
AVL:  10        3         7         false     false     
BST:  10        4         7         false     false     

AVL (in-order):
ASTUTE              
BASTION             
COURAGEOUS          
DEGENERATE          
ELEPHANT            
FASTIDIOUS          
GENEROUS            
HILARIOUS           
IGNOMINIOUS         
JUDICIOUS           
-----------------------------------
word count: 10

BST (in-order):
ASTUTE              
BASTION             
COURAGEOUS          
DEGENERATE          
ELEPHANT            
FASTIDIOUS          
GENEROUS            
HILARIOUS           
IGNOMINIOUS         
JUDICIOUS           
-----------------------------------
word count: 10


removed: JUDICIOUS from a depth of 2 in the AVL
removed: JUDICIOUS from a depth of 1 in the BST
Type: size      height    diameter  full?     perfect?  
AVL:  9         3         6         true      false     
BST:  9         4         7         false     false     

removed: IGNOMINIOUS from a depth of 2 in the AVL
removed: IGNOMINIOUS from a depth of 0 in the BST
Type: size      height    diameter  full?     perfect?  
AVL:  8         3         6         false     false     
BST:  8         3         7         false     false     

removed: COURAGEOUS from a depth of 3 in the AVL
removed: COURAGEOUS from a depth of 3 in the BST
Type: size      height    diameter  full?     perfect?  
AVL:  7         3         6         false     false     
BST:  7         3         6         false     false     

removed: HILARIOUS from a depth of 1 in the AVL
removed: HILARIOUS from a depth of 3 in the BST
Type: size      height    diameter  full?     perfect?  
AVL:  6         2         5         false     false     
BST:  6         2         5         false     false     

inserted: EPIPHANY in the AVL
inserted: EPIPHANY in the BST
Type: size      height    diameter  full?     perfect?  
AVL:  7         3         6         false     false     
BST:  7         2         5         true      true      

inserted: ASCERTAIN in the AVL
inserted: ASCERTAIN in the BST
Type: size      height    diameter  full?     perfect?  
AVL:  8         3         6         false     false     
BST:  8         3         6         false     false     

inserted: DELICIOUS in the AVL
inserted: DELICIOUS in the BST
Type: size      height    diameter  full?     perfect?  
AVL:  9         3         6         true      false     
BST:  9         3         6         false     false     

AVL (in-order):
ASCERTAIN           
ASTUTE              
BASTION             
DEGENERATE          
DELICIOUS           
ELEPHANT            
EPIPHANY            
FASTIDIOUS          
GENEROUS            
-----------------------------------
word count: 9

BST (in-order):
ASCERTAIN           
ASTUTE              
BASTION             
DEGENERATE          
DELICIOUS           
ELEPHANT            
EPIPHANY            
FASTIDIOUS          
GENEROUS            
-----------------------------------
word count: 9


removed: ASTUTE from a depth of 1 in the AVL
removed: ASTUTE from a depth of 2 in the BST
Type: size      height    diameter  full?     perfect?  
AVL:  8         3         6         false     false     
BST:  8         3         6         false     false     

removed: DEGENERATE from a depth of 0 in the AVL
removed: DEGENERATE from a depth of 2 in the BST
Type: size      height    diameter  full?     perfect?  
AVL:  7         2         5         true      true      
BST:  7         2         5         true      true      

AVL (in-order):
ASCERTAIN           
BASTION             
DELICIOUS           
ELEPHANT            
EPIPHANY            
FASTIDIOUS          
GENEROUS            
-----------------------------------
word count: 7

BST (in-order):
ASCERTAIN           
BASTION             
DELICIOUS           
ELEPHANT            
EPIPHANY            
FASTIDIOUS          
GENEROUS            
-----------------------------------
word count: 7


removed: DELICIOUS from a depth of 2 in the AVL
removed: DELICIOUS from a depth of 2 in the BST
Type: size      height    diameter  full?     perfect?  
AVL:  6         2         5         false     false     
BST:  6         2         5         false     false     

removed: ASCERTAIN from a depth of 2 in the AVL
removed: ASCERTAIN from a depth of 2 in the BST
Type: size      height    diameter  full?     perfect?  
AVL:  5         2         4         true      false     
BST:  5         2         4         true      false     

AVL (in-order):
BASTION             
ELEPHANT            
EPIPHANY            
FASTIDIOUS          
GENEROUS            
-----------------------------------
word count: 5

BST (in-order):
BASTION             
ELEPHANT            
EPIPHANY            
FASTIDIOUS          
GENEROUS            
-----------------------------------
word count: 5